<?xml version="1.0" encoding="UTF-8"?>
<!-- Generated by org.testng.reporters.JUnitReportReporter -->
<testsuite hostname="Nadavs-MBP" failures="0" tests="1" name="tests.basic.PageObjectCode" time="12.484" errors="0" timestamp="2022-11-24T21:36:21 IST" skipped="0">
  <testcase classname="tests.basic.PageObjectCode" name="test" time="12.484"/>
  <system-out/>
</testsuite> <!-- tests.basic.PageObjectCode -->
